  Test project D:/Hemant/OpenSource/tiny-process-library-master/build
      Start 1: io_test
  1/3 Test #1: io_test ..........................***Failed    8.09 sec
      Start 2: open_close_test
  2/3 Test #2: open_close_test ..................***Failed    0.23 sec
      Start 3: multithread_test
  3/3 Test #3: multithread_test .................***Failed    0.29 sec
  
  0% tests passed, 3 tests failed out of 3
  
  Total Test time (real) =   8.65 sec
  
  The following tests FAILED:
  	  1 - io_test (Failed)
  	  2 - open_close_test (Failed)
  	  3 - multithread_test (Failed)
  Errors while running CTest
C:\Program Files (x86)\MSBuild\Microsoft.Cpp\v4.0\V140\Microsoft.CppCommon.targets(133,5): error MSB3073: The command "setlocal
C:\Program Files (x86)\MSBuild\Microsoft.Cpp\v4.0\V140\Microsoft.CppCommon.targets(133,5): error MSB3073: "C:\Program Files (x86)\CMake\bin\ctest.exe" --force-new-ctest-process -C Debug
C:\Program Files (x86)\MSBuild\Microsoft.Cpp\v4.0\V140\Microsoft.CppCommon.targets(133,5): error MSB3073: if %errorlevel% neq 0 goto :cmEnd
C:\Program Files (x86)\MSBuild\Microsoft.Cpp\v4.0\V140\Microsoft.CppCommon.targets(133,5): error MSB3073: :cmEnd
C:\Program Files (x86)\MSBuild\Microsoft.Cpp\v4.0\V140\Microsoft.CppCommon.targets(133,5): error MSB3073: endlocal & call :cmErrorLevel %errorlevel% & goto :cmDone
C:\Program Files (x86)\MSBuild\Microsoft.Cpp\v4.0\V140\Microsoft.CppCommon.targets(133,5): error MSB3073: :cmErrorLevel
C:\Program Files (x86)\MSBuild\Microsoft.Cpp\v4.0\V140\Microsoft.CppCommon.targets(133,5): error MSB3073: exit /b %1
C:\Program Files (x86)\MSBuild\Microsoft.Cpp\v4.0\V140\Microsoft.CppCommon.targets(133,5): error MSB3073: :cmDone
C:\Program Files (x86)\MSBuild\Microsoft.Cpp\v4.0\V140\Microsoft.CppCommon.targets(133,5): error MSB3073: if %errorlevel% neq 0 goto :VCEnd
C:\Program Files (x86)\MSBuild\Microsoft.Cpp\v4.0\V140\Microsoft.CppCommon.targets(133,5): error MSB3073: :VCEnd" exited with code 8.
